The following certificate was selected:
    Issued to: EliteSoftwareTech Company - Zachary Whiteman

    Issued by: EliteSoftwareTech Company - Zachary Whiteman

    Expires:   Thu Jun 05 03:08:20 2036

    SHA1 hash: 11F5E401A611434F4F159D26CD1878426320FF6B


Done Adding Additional Store
Successfully signed: C:\Users\Administrator\Desktop\Elite-TaskBar\EliteTaskbar.exe


Number of files successfully Signed: 1

Number of warnings: 0

Number of errors: 0

The following certificate was selected:
    Issued to: EliteSoftwareTech Company - Zachary Whiteman

    Issued by: EliteSoftwareTech Company - Zachary Whiteman

    Expires:   Thu Jun 05 03:08:20 2036

    SHA1 hash: 11F5E401A611434F4F159D26CD1878426320FF6B


Done Adding Additional Store
Successfully signed: C:\Users\Administrator\Desktop\Elite-TaskBar\EliteSettings.exe


Number of files successfully Signed: 1

Number of warnings: 0

Number of errors: 0

The following certificate was selected:
    Issued to: EliteSoftwareTech Company - Zachary Whiteman

    Issued by: EliteSoftwareTech Company - Zachary Whiteman

    Expires:   Thu Jun 05 03:08:20 2036

    SHA1 hash: 11F5E401A611434F4F159D26CD1878426320FF6B


Done Adding Additional Store
Successfully signed: C:\Users\Administrator\Desktop\Elite-TaskBar\EliteSettings.cpl


Number of files successfully Signed: 1

Number of warnings: 0

Number of errors: 0

The following certificate was selected:
    Issued to: EliteSoftwareTech Company - Zachary Whiteman

    Issued by: EliteSoftwareTech Company - Zachary Whiteman

    Expires:   Thu Jun 05 03:08:20 2036

    SHA1 hash: 11F5E401A611434F4F159D26CD1878426320FF6B


Done Adding Additional Store
Successfully signed: C:\Users\Administrator\Desktop\Elite-TaskBar\EliteEverything.exe


Number of files successfully Signed: 1

Number of warnings: 0

Number of errors: 0

The following certificate was selected:
    Issued to: EliteSoftwareTech Company - Zachary Whiteman

    Issued by: EliteSoftwareTech Company - Zachary Whiteman

    Expires:   Thu Jun 05 03:08:20 2036

    SHA1 hash: 11F5E401A611434F4F159D26CD1878426320FF6B


Done Adding Additional Store
Successfully signed: C:\Users\Administrator\Desktop\Elite-TaskBar\EliteDLLScanner.exe


Number of files successfully Signed: 1

Number of warnings: 0

Number of errors: 0

The following certificate was selected:
    Issued to: EliteSoftwareTech Company - Zachary Whiteman

    Issued by: EliteSoftwareTech Company - Zachary Whiteman

    Expires:   Thu Jun 05 03:08:20 2036

    SHA1 hash: 11F5E401A611434F4F159D26CD1878426320FF6B


Done Adding Additional Store
Successfully signed: C:\Users\Administrator\Desktop\Elite-TaskBar\BuildOutput\EliteTaskbar.exe


Number of files successfully Signed: 1

Number of warnings: 0

Number of errors: 0

The following certificate was selected:
    Issued to: EliteSoftwareTech Company - Zachary Whiteman

    Issued by: EliteSoftwareTech Company - Zachary Whiteman

    Expires:   Thu Jun 05 03:08:20 2036

    SHA1 hash: 11F5E401A611434F4F159D26CD1878426320FF6B


Done Adding Additional Store
Successfully signed: C:\Users\Administrator\Desktop\Elite-TaskBar\BuildOutput\EliteSettings.exe


Number of files successfully Signed: 1

Number of warnings: 0

Number of errors: 0

The following certificate was selected:
    Issued to: EliteSoftwareTech Company - Zachary Whiteman

    Issued by: EliteSoftwareTech Company - Zachary Whiteman

    Expires:   Thu Jun 05 03:08:20 2036

    SHA1 hash: 11F5E401A611434F4F159D26CD1878426320FF6B


Done Adding Additional Store
Successfully signed: C:\Users\Administrator\Desktop\Elite-TaskBar\BuildOutput\EliteSettings.cpl


Number of files successfully Signed: 1

Number of warnings: 0

Number of errors: 0

The following certificate was selected:
    Issued to: EliteSoftwareTech Company - Zachary Whiteman

    Issued by: EliteSoftwareTech Company - Zachary Whiteman

    Expires:   Thu Jun 05 03:08:20 2036

    SHA1 hash: 11F5E401A611434F4F159D26CD1878426320FF6B


Done Adding Additional Store
Successfully signed: C:\Users\Administrator\Desktop\Elite-TaskBar\BuildOutput\EliteEverything.exe


Number of files successfully Signed: 1

Number of warnings: 0

Number of errors: 0

The following certificate was selected:
    Issued to: EliteSoftwareTech Company - Zachary Whiteman

    Issued by: EliteSoftwareTech Company - Zachary Whiteman

    Expires:   Thu Jun 05 03:08:20 2036

    SHA1 hash: 11F5E401A611434F4F159D26CD1878426320FF6B


Done Adding Additional Store
Successfully signed: C:\Users\Administrator\Desktop\Elite-TaskBar\BuildOutput\EliteDLLScanner.exe


Number of files successfully Signed: 1

Number of warnings: 0

Number of errors: 0

The following certificate was selected:
    Issued to: EliteSoftwareTech Company - Zachary Whiteman

    Issued by: EliteSoftwareTech Company - Zachary Whiteman

    Expires:   Thu Jun 05 03:08:20 2036

    SHA1 hash: 11F5E401A611434F4F159D26CD1878426320FF6B


Done Adding Additional Store
Successfully signed: C:\Users\Administrator\Desktop\Elite-TaskBar\BuildOutputx86\EliteTaskbar_x86.exe


Number of files successfully Signed: 1

Number of warnings: 0

Number of errors: 0

The following certificate was selected:
    Issued to: EliteSoftwareTech Company - Zachary Whiteman

    Issued by: EliteSoftwareTech Company - Zachary Whiteman

    Expires:   Thu Jun 05 03:08:20 2036

    SHA1 hash: 11F5E401A611434F4F159D26CD1878426320FF6B


Done Adding Additional Store
Successfully signed: C:\Users\Administrator\Desktop\Elite-TaskBar\BuildOutputx86\EliteSettings_x86.exe


Number of files successfully Signed: 1

Number of warnings: 0

Number of errors: 0

The following certificate was selected:
    Issued to: EliteSoftwareTech Company - Zachary Whiteman

    Issued by: EliteSoftwareTech Company - Zachary Whiteman

    Expires:   Thu Jun 05 03:08:20 2036

    SHA1 hash: 11F5E401A611434F4F159D26CD1878426320FF6B


Done Adding Additional Store
Successfully signed: C:\Users\Administrator\Desktop\Elite-TaskBar\BuildOutputx86\EliteSettings_x86.cpl


Number of files successfully Signed: 1

Number of warnings: 0

Number of errors: 0

The following certificate was selected:
    Issued to: EliteSoftwareTech Company - Zachary Whiteman

    Issued by: EliteSoftwareTech Company - Zachary Whiteman

    Expires:   Thu Jun 05 03:08:20 2036

    SHA1 hash: 11F5E401A611434F4F159D26CD1878426320FF6B


Done Adding Additional Store
Successfully signed: C:\Users\Administrator\Desktop\Elite-TaskBar\BuildOutputx86\EliteEverything_x86.exe


Number of files successfully Signed: 1

Number of warnings: 0

Number of errors: 0

The following certificate was selected:
    Issued to: EliteSoftwareTech Company - Zachary Whiteman

    Issued by: EliteSoftwareTech Company - Zachary Whiteman

    Expires:   Thu Jun 05 03:08:20 2036

    SHA1 hash: 11F5E401A611434F4F159D26CD1878426320FF6B


Done Adding Additional Store
Successfully signed: C:\Users\Administrator\Desktop\Elite-TaskBar\BuildOutputx86\EliteDLLScanner_x86.exe


Number of files successfully Signed: 1

Number of warnings: 0

Number of errors: 0

[master 4a69f41] Auto-commit after successful build (build.ps1)
 79 files changed, 1196 insertions(+), 465 deletions(-)
 create mode 100644 BuildOutput/EliteSettings.cpl
 create mode 100644 BuildOutput/EliteSettings.exp
 create mode 100644 BuildOutput/EliteSettings.lib
 create mode 100644 BuildOutput/settings_cpl64.pdb
 create mode 100644 BuildOutputx86/EliteSettings_x86.cpl
 create mode 100644 BuildOutputx86/EliteSettings_x86.exp
 create mode 100644 BuildOutputx86/EliteSettings_x86.lib
 create mode 100644 BuildOutputx86/settings_cpl86.pdb
 create mode 100644 EliteSettings.cpl
 create mode 100644 SourceFiles/DynamicScroll.cpp
 create mode 100644 SourceFiles/TaskbarProperties.new.cpp
